This file contains any messages produced by compilers while
running configure, to aid debugging if configure makes a mistake.

It was created by HTSlib configure 1.9, which was
generated by GNU Autoconf 2.69.  Invocation command line was

  $ ./configure --prefix=/czlab/ricardo/dir_linker/dir_Genome_Biology_code_submission/packages/htslib/

## --------- ##
## Platform. ##
## --------- ##

hostname = leo.dfci.harvard.edu
uname -m = x86_64
uname -r = 3.10.0-1160.11.1.el7.x86_64
uname -s = Linux
uname -v = #1 SMP Fri Dec 18 16:34:56 UTC 2020

/usr/bin/uname -p = x86_64
/bin/uname -X     = unknown

/bin/arch              = x86_64
/usr/bin/arch -k       = unknown
/usr/convex/getsysinfo = unknown
/usr/bin/hostinfo      = unknown
/bin/machine           = unknown
/usr/bin/oslevel       = unknown
/bin/universe          = unknown

PATH: /ds/c7/Modules/bin
PATH: /ds/c7/bin
PATH: /ds/c7/texlive/2020/bin/x86_64-linux
PATH: /ds/c7/hdf5/bin
PATH: /usr/local/bin
PATH: /usr/bin
PATH: /usr/local/sbin
PATH: /usr/sbin
PATH: /homes10/ricardo/.local/bin
PATH: /homes10/ricardo/bin


## ----------- ##
## Core tests. ##
## ----------- ##

configure:2172: checking for gcc
configure:2188: found /ds/c7/bin/gcc
configure:2199: result: gcc
configure:2428: checking for C compiler version
configure:2437: gcc --version >&5
gcc (GCC) 9.3.0
Copyright (C) 2019 Free Software Foundation, Inc.
This is free software; see the source for copying conditions.  There is NO
warranty; not even for MERCHANTABILITY or FITNESS FOR A PARTICULAR PURPOSE.

configure:2448: $? = 0
configure:2437: gcc -v >&5
Using built-in specs.
COLLECT_GCC=gcc
COLLECT_LTO_WRAPPER=/ds/c7/libexec/gcc/x86_64-pc-linux-gnu/9.3.0/lto-wrapper
Target: x86_64-pc-linux-gnu
Configured with: ./configure --prefix=/ds/c7 --disable-multilib --enable-languages=c,c++,fortran
Thread model: posix
gcc version 9.3.0 (GCC) 
configure:2448: $? = 0
configure:2437: gcc -V >&5
gcc: error: unrecognized command line option '-V'
gcc: fatal error: no input files
compilation terminated.
configure:2448: $? = 1
configure:2437: gcc -qversion >&5
gcc: error: unrecognized command line option '-qversion'; did you mean '--version'?
gcc: fatal error: no input files
compilation terminated.
configure:2448: $? = 1
configure:2468: checking whether the C compiler works
configure:2490: gcc    conftest.c  >&5
configure:2494: $? = 0
configure:2542: result: yes
configure:2545: checking for C compiler default output file name
configure:2547: result: a.out
configure:2553: checking for suffix of executables
configure:2560: gcc -o conftest    conftest.c  >&5
configure:2564: $? = 0
configure:2586: result: 
configure:2608: checking whether we are cross compiling
configure:2616: gcc -o conftest    conftest.c  >&5
configure:2620: $? = 0
configure:2627: ./conftest
configure:2631: $? = 0
configure:2646: result: no
configure:2651: checking for suffix of object files
configure:2673: gcc -c   conftest.c >&5
configure:2677: $? = 0
configure:2698: result: o
configure:2702: checking whether we are using the GNU C compiler
configure:2721: gcc -c   conftest.c >&5
configure:2721: $? = 0
configure:2730: result: yes
configure:2739: checking whether gcc accepts -g
configure:2759: gcc -c -g  conftest.c >&5
configure:2759: $? = 0
configure:2800: result: yes
configure:2817: checking for gcc option to accept ISO C89
configure:2880: gcc  -c -g -O2  conftest.c >&5
configure:2880: $? = 0
configure:2893: result: none needed
configure:2956: checking for ranlib
configure:2972: found /usr/bin/ranlib
configure:2983: result: ranlib
configure:3006: checking for grep that handles long lines and -e
configure:3064: result: /usr/bin/grep
configure:3089: checking for C compiler warning flags
configure:3202: result: -Wall
configure:3319: checking for special C compiler options needed for large files
configure:3364: result: no
configure:3370: checking for _FILE_OFFSET_BITS value needed for large files
configure:3395: gcc -c  -Wall -g -O2  conftest.c >&5
configure:3395: $? = 0
configure:3427: result: no
configure:3512: checking for _LARGEFILE_SOURCE value needed for large files
configure:3531: gcc -o conftest  -Wall -g -O2   conftest.c  >&5
configure:3531: $? = 0
configure:3559: result: no
configure:3661: checking shared library type for unknown-Linux
configure:3689: result: plain .so
configure:3698: checking how to run the C preprocessor
configure:3729: gcc -E  conftest.c
configure:3729: $? = 0
configure:3743: gcc -E  conftest.c
conftest.c:10:10: fatal error: ac_nonexistent.h: No such file or directory
   10 | #include <ac_nonexistent.h>
      |          ^~~~~~~~~~~~~~~~~~
compilation terminated.
configure:3743: $? = 1
configure: failed program was:
| /* confdefs.h */
| #define PACKAGE_NAME "HTSlib"
| #define PACKAGE_TARNAME "htslib"
| #define PACKAGE_VERSION "1.9"
| #define PACKAGE_STRING "HTSlib 1.9"
| #define PACKAGE_BUGREPORT "samtools-help@lists.sourceforge.net"
| #define PACKAGE_URL "http://www.htslib.org/"
| #define HAVE_FSEEKO 1
| /* end confdefs.h.  */
| #include <ac_nonexistent.h>
configure:3768: result: gcc -E
configure:3788: gcc -E  conftest.c
configure:3788: $? = 0
configure:3802: gcc -E  conftest.c
conftest.c:10:10: fatal error: ac_nonexistent.h: No such file or directory
   10 | #include <ac_nonexistent.h>
      |          ^~~~~~~~~~~~~~~~~~
compilation terminated.
configure:3802: $? = 1
configure: failed program was:
| /* confdefs.h */
| #define PACKAGE_NAME "HTSlib"
| #define PACKAGE_TARNAME "htslib"
| #define PACKAGE_VERSION "1.9"
| #define PACKAGE_STRING "HTSlib 1.9"
| #define PACKAGE_BUGREPORT "samtools-help@lists.sourceforge.net"
| #define PACKAGE_URL "http://www.htslib.org/"
| #define HAVE_FSEEKO 1
| /* end confdefs.h.  */
| #include <ac_nonexistent.h>
configure:3831: checking for egrep
configure:3893: result: /usr/bin/grep -E
configure:3898: checking for ANSI C header files
configure:3918: gcc -c  -Wall -g -O2  conftest.c >&5
configure:3918: $? = 0
configure:3991: gcc -o conftest  -Wall -g -O2   conftest.c  >&5
configure:3991: $? = 0
configure:3991: ./conftest
configure:3991: $? = 0
configure:4002: result: yes
configure:4015: checking for sys/types.h
configure:4015: gcc -c  -Wall -g -O2  conftest.c >&5
configure:4015: $? = 0
configure:4015: result: yes
configure:4015: checking for sys/stat.h
configure:4015: gcc -c  -Wall -g -O2  conftest.c >&5
configure:4015: $? = 0
configure:4015: result: yes
configure:4015: checking for stdlib.h
configure:4015: gcc -c  -Wall -g -O2  conftest.c >&5
configure:4015: $? = 0
configure:4015: result: yes
configure:4015: checking for string.h
configure:4015: gcc -c  -Wall -g -O2  conftest.c >&5
configure:4015: $? = 0
configure:4015: result: yes
configure:4015: checking for memory.h
configure:4015: gcc -c  -Wall -g -O2  conftest.c >&5
configure:4015: $? = 0
configure:4015: result: yes
configure:4015: checking for strings.h
configure:4015: gcc -c  -Wall -g -O2  conftest.c >&5
configure:4015: $? = 0
configure:4015: result: yes
configure:4015: checking for inttypes.h
configure:4015: gcc -c  -Wall -g -O2  conftest.c >&5
configure:4015: $? = 0
configure:4015: result: yes
configure:4015: checking for stdint.h
configure:4015: gcc -c  -Wall -g -O2  conftest.c >&5
configure:4015: $? = 0
configure:4015: result: yes
configure:4015: checking for unistd.h
configure:4015: gcc -c  -Wall -g -O2  conftest.c >&5
configure:4015: $? = 0
configure:4015: result: yes
configure:4033: checking for stdlib.h
configure:4033: result: yes
configure:4033: checking for unistd.h
configure:4033: result: yes
configure:4033: checking for sys/param.h
configure:4033: gcc -c  -Wall -g -O2  conftest.c >&5
configure:4033: $? = 0
configure:4033: result: yes
configure:4053: checking for getpagesize
configure:4053: gcc -o conftest  -Wall -g -O2   conftest.c  >&5
configure:4053: $? = 0
configure:4053: result: yes
configure:4062: checking for working mmap
configure:4209: gcc -o conftest  -Wall -g -O2   conftest.c  >&5
configure:4209: $? = 0
configure:4209: ./conftest
configure:4209: $? = 0
configure:4219: result: yes
configure:4231: checking for gmtime_r
configure:4231: gcc -o conftest  -Wall -g -O2   conftest.c  >&5
configure:4231: $? = 0
configure:4231: result: yes
configure:4231: checking for fsync
configure:4231: gcc -o conftest  -Wall -g -O2   conftest.c  >&5
configure:4231: $? = 0
configure:4231: result: yes
configure:4231: checking for drand48
configure:4231: gcc -o conftest  -Wall -g -O2   conftest.c  >&5
configure:4231: $? = 0
configure:4231: result: yes
configure:4243: checking whether fdatasync is declared
configure:4243: gcc -c  -Wall -g -O2  conftest.c >&5
configure:4243: $? = 0
configure:4243: result: yes
configure:4247: checking for fdatasync
configure:4247: gcc -o conftest  -Wall -g -O2   conftest.c  >&5
configure:4247: $? = 0
configure:4247: result: yes
configure:4343: checking for library containing log
configure:4374: gcc -o conftest  -Wall -g -O2   conftest.c  >&5
conftest.c:36:6: warning: conflicting types for built-in function 'log'; expected 'double(double)' [-Wbuiltin-declaration-mismatch]
   36 | char log ();
      |      ^~~
conftest.c:1:1: note: 'log' is declared in header '<math.h>'
    1 | /* confdefs.h */
/tmp/ccr12j2D.o: In function `main':
/czlab/ricardo/dir_linker/dir_Genome_Biology_code_submission/htslib/conftest.c:40: undefined reference to `log'
collect2: error: ld returned 1 exit status
configure:4374: $? = 1
configure: failed program was:
| /* confdefs.h */
| #define PACKAGE_NAME "HTSlib"
| #define PACKAGE_TARNAME "htslib"
| #define PACKAGE_VERSION "1.9"
| #define PACKAGE_STRING "HTSlib 1.9"
| #define PACKAGE_BUGREPORT "samtools-help@lists.sourceforge.net"
| #define PACKAGE_URL "http://www.htslib.org/"
| #define HAVE_FSEEKO 1
| #define STDC_HEADERS 1
| #define HAVE_SYS_TYPES_H 1
| #define HAVE_SYS_STAT_H 1
| #define HAVE_STDLIB_H 1
| #define HAVE_STRING_H 1
| #define HAVE_MEMORY_H 1
| #define HAVE_STRINGS_H 1
| #define HAVE_INTTYPES_H 1
| #define HAVE_STDINT_H 1
| #define HAVE_UNISTD_H 1
| #define HAVE_STDLIB_H 1
| #define HAVE_UNISTD_H 1
| #define HAVE_SYS_PARAM_H 1
| #define HAVE_GETPAGESIZE 1
| #define HAVE_MMAP 1
| #define HAVE_GMTIME_R 1
| #define HAVE_FSYNC 1
| #define HAVE_DRAND48 1
| #define HAVE_FDATASYNC 1
| /* end confdefs.h.  */
| 
| /* Override any GCC internal prototype to avoid an error.
|    Use char because int might match the return type of a GCC
|    builtin and then its argument prototype would still apply.  */
| #ifdef __cplusplus
| extern "C"
| #endif
| char log ();
| int
| main ()
| {
| return log ();
|   ;
|   return 0;
| }
configure:4374: gcc -o conftest  -Wall -g -O2   conftest.c -lm   >&5
conftest.c:36:6: warning: conflicting types for built-in function 'log'; expected 'double(double)' [-Wbuiltin-declaration-mismatch]
   36 | char log ();
      |      ^~~
conftest.c:1:1: note: 'log' is declared in header '<math.h>'
    1 | /* confdefs.h */
configure:4374: $? = 0
configure:4391: result: -lm
configure:4411: checking for zlib.h
configure:4411: gcc -c  -Wall -g -O2  conftest.c >&5
configure:4411: $? = 0
configure:4411: result: yes
configure:4420: checking for inflate in -lz
configure:4445: gcc -o conftest  -Wall -g -O2   conftest.c -lz  -lm  >&5
configure:4445: $? = 0
configure:4454: result: yes
configure:4485: checking for library containing recv
configure:4516: gcc -o conftest  -Wall -g -O2   conftest.c -lz -lm  >&5
configure:4516: $? = 0
configure:4533: result: none required
configure:4555: checking for bzlib.h
configure:4555: gcc -c  -Wall -g -O2  conftest.c >&5
configure:4555: $? = 0
configure:4555: result: yes
configure:4564: checking for BZ2_bzBuffToBuffCompress in -lbz2
configure:4589: gcc -o conftest  -Wall -g -O2   conftest.c -lbz2  -lz -lm  >&5
configure:4589: $? = 0
configure:4598: result: yes
configure:4642: checking for lzma.h
configure:4642: gcc -c  -Wall -g -O2  conftest.c >&5
configure:4642: $? = 0
configure:4642: result: yes
configure:4655: checking for lzma_easy_buffer_encode in -llzma
configure:4680: gcc -o conftest  -Wall -g -O2   conftest.c -llzma  -lbz2 -lz -lm  >&5
configure:4680: $? = 0
configure:4689: result: yes
configure:4727: checking for libdeflate.h
configure:4727: gcc -c  -Wall -g -O2  conftest.c >&5
conftest.c:35:10: fatal error: libdeflate.h: No such file or directory
   35 | #include <libdeflate.h>
      |          ^~~~~~~~~~~~~~
compilation terminated.
configure:4727: $? = 1
configure: failed program was:
| /* confdefs.h */
| #define PACKAGE_NAME "HTSlib"
| #define PACKAGE_TARNAME "htslib"
| #define PACKAGE_VERSION "1.9"
| #define PACKAGE_STRING "HTSlib 1.9"
| #define PACKAGE_BUGREPORT "samtools-help@lists.sourceforge.net"
| #define PACKAGE_URL "http://www.htslib.org/"
| #define HAVE_FSEEKO 1
| #define STDC_HEADERS 1
| #define HAVE_SYS_TYPES_H 1
| #define HAVE_SYS_STAT_H 1
| #define HAVE_STDLIB_H 1
| #define HAVE_STRING_H 1
| #define HAVE_MEMORY_H 1
| #define HAVE_STRINGS_H 1
| #define HAVE_INTTYPES_H 1
| #define HAVE_STDINT_H 1
| #define HAVE_UNISTD_H 1
| #define HAVE_STDLIB_H 1
| #define HAVE_UNISTD_H 1
| #define HAVE_SYS_PARAM_H 1
| #define HAVE_GETPAGESIZE 1
| #define HAVE_MMAP 1
| #define HAVE_GMTIME_R 1
| #define HAVE_FSYNC 1
| #define HAVE_DRAND48 1
| #define HAVE_FDATASYNC 1
| #define HAVE_LIBZ 1
| #define HAVE_LIBBZ2 1
| #define HAVE_LZMA_H 1
| #define HAVE_LIBLZMA 1
| /* end confdefs.h.  */
| ;
| 
| #include <libdeflate.h>
configure:4727: result: no
configure:4736: checking for libdeflate_deflate_compress in -ldeflate
configure:4761: gcc -o conftest  -Wall -g -O2   conftest.c -ldeflate  -llzma -lbz2 -lz -lm  >&5
/usr/bin/ld: cannot find -ldeflate
collect2: error: ld returned 1 exit status
configure:4761: $? = 1
configure: failed program was:
| /* confdefs.h */
| #define PACKAGE_NAME "HTSlib"
| #define PACKAGE_TARNAME "htslib"
| #define PACKAGE_VERSION "1.9"
| #define PACKAGE_STRING "HTSlib 1.9"
| #define PACKAGE_BUGREPORT "samtools-help@lists.sourceforge.net"
| #define PACKAGE_URL "http://www.htslib.org/"
| #define HAVE_FSEEKO 1
| #define STDC_HEADERS 1
| #define HAVE_SYS_TYPES_H 1
| #define HAVE_SYS_STAT_H 1
| #define HAVE_STDLIB_H 1
| #define HAVE_STRING_H 1
| #define HAVE_MEMORY_H 1
| #define HAVE_STRINGS_H 1
| #define HAVE_INTTYPES_H 1
| #define HAVE_STDINT_H 1
| #define HAVE_UNISTD_H 1
| #define HAVE_STDLIB_H 1
| #define HAVE_UNISTD_H 1
| #define HAVE_SYS_PARAM_H 1
| #define HAVE_GETPAGESIZE 1
| #define HAVE_MMAP 1
| #define HAVE_GMTIME_R 1
| #define HAVE_FSYNC 1
| #define HAVE_DRAND48 1
| #define HAVE_FDATASYNC 1
| #define HAVE_LIBZ 1
| #define HAVE_LIBBZ2 1
| #define HAVE_LZMA_H 1
| #define HAVE_LIBLZMA 1
| /* end confdefs.h.  */
| 
| /* Override any GCC internal prototype to avoid an error.
|    Use char because int might match the return type of a GCC
|    builtin and then its argument prototype would still apply.  */
| #ifdef __cplusplus
| extern "C"
| #endif
| char libdeflate_deflate_compress ();
| int
| main ()
| {
| return libdeflate_deflate_compress ();
|   ;
|   return 0;
| }
configure:4770: result: no
configure:4812: checking for curl_easy_pause in -lcurl
configure:4837: gcc -o conftest  -Wall -g -O2   conftest.c -lcurl  -llzma -lbz2 -lz -lm  >&5
configure:4837: $? = 0
configure:4846: result: yes
configure:4977: checking for CCHmac
configure:4977: gcc -o conftest  -Wall -g -O2   conftest.c -llzma -lbz2 -lz -lm  >&5
/tmp/cc0LEeUA.o: In function `main':
/czlab/ricardo/dir_linker/dir_Genome_Biology_code_submission/htslib/conftest.c:69: undefined reference to `CCHmac'
collect2: error: ld returned 1 exit status
configure:4977: $? = 1
configure: failed program was:
| /* confdefs.h */
| #define PACKAGE_NAME "HTSlib"
| #define PACKAGE_TARNAME "htslib"
| #define PACKAGE_VERSION "1.9"
| #define PACKAGE_STRING "HTSlib 1.9"
| #define PACKAGE_BUGREPORT "samtools-help@lists.sourceforge.net"
| #define PACKAGE_URL "http://www.htslib.org/"
| #define HAVE_FSEEKO 1
| #define STDC_HEADERS 1
| #define HAVE_SYS_TYPES_H 1
| #define HAVE_SYS_STAT_H 1
| #define HAVE_STDLIB_H 1
| #define HAVE_STRING_H 1
| #define HAVE_MEMORY_H 1
| #define HAVE_STRINGS_H 1
| #define HAVE_INTTYPES_H 1
| #define HAVE_STDINT_H 1
| #define HAVE_UNISTD_H 1
| #define HAVE_STDLIB_H 1
| #define HAVE_UNISTD_H 1
| #define HAVE_SYS_PARAM_H 1
| #define HAVE_GETPAGESIZE 1
| #define HAVE_MMAP 1
| #define HAVE_GMTIME_R 1
| #define HAVE_FSYNC 1
| #define HAVE_DRAND48 1
| #define HAVE_FDATASYNC 1
| #define HAVE_LIBZ 1
| #define HAVE_LIBBZ2 1
| #define HAVE_LZMA_H 1
| #define HAVE_LIBLZMA 1
| #define HAVE_LIBCURL 1
| #define ENABLE_GCS 1
| /* end confdefs.h.  */
| /* Define CCHmac to an innocuous variant, in case <limits.h> declares CCHmac.
|    For example, HP-UX 11i <limits.h> declares gettimeofday.  */
| #define CCHmac innocuous_CCHmac
| 
| /* System header to define __stub macros and hopefully few prototypes,
|     which can conflict with char CCHmac (); below.
|     Prefer <limits.h> to <assert.h> if __STDC__ is defined, since
|     <limits.h> exists even on freestanding compilers.  */
| 
| #ifdef __STDC__
| # include <limits.h>
| #else
| # include <assert.h>
| #endif
| 
| #undef CCHmac
| 
| /* Override any GCC internal prototype to avoid an error.
|    Use char because int might match the return type of a GCC
|    builtin and then its argument prototype would still apply.  */
| #ifdef __cplusplus
| extern "C"
| #endif
| char CCHmac ();
| /* The GNU C library defines this for functions which it implements
|     to always fail with ENOSYS.  Some functions are actually named
|     something starting with __ and the normal name is an alias.  */
| #if defined __stub_CCHmac || defined __stub___CCHmac
| choke me
| #endif
| 
| int
| main ()
| {
| return CCHmac ();
|   ;
|   return 0;
| }
configure:4977: result: no
configure:4984: checking for library containing HMAC
configure:5015: gcc -o conftest  -Wall -g -O2   conftest.c -llzma -lbz2 -lz -lm  >&5
/tmp/ccXOukoa.o: In function `main':
/czlab/ricardo/dir_linker/dir_Genome_Biology_code_submission/htslib/conftest.c:46: undefined reference to `HMAC'
collect2: error: ld returned 1 exit status
configure:5015: $? = 1
configure: failed program was:
| /* confdefs.h */
| #define PACKAGE_NAME "HTSlib"
| #define PACKAGE_TARNAME "htslib"
| #define PACKAGE_VERSION "1.9"
| #define PACKAGE_STRING "HTSlib 1.9"
| #define PACKAGE_BUGREPORT "samtools-help@lists.sourceforge.net"
| #define PACKAGE_URL "http://www.htslib.org/"
| #define HAVE_FSEEKO 1
| #define STDC_HEADERS 1
| #define HAVE_SYS_TYPES_H 1
| #define HAVE_SYS_STAT_H 1
| #define HAVE_STDLIB_H 1
| #define HAVE_STRING_H 1
| #define HAVE_MEMORY_H 1
| #define HAVE_STRINGS_H 1
| #define HAVE_INTTYPES_H 1
| #define HAVE_STDINT_H 1
| #define HAVE_UNISTD_H 1
| #define HAVE_STDLIB_H 1
| #define HAVE_UNISTD_H 1
| #define HAVE_SYS_PARAM_H 1
| #define HAVE_GETPAGESIZE 1
| #define HAVE_MMAP 1
| #define HAVE_GMTIME_R 1
| #define HAVE_FSYNC 1
| #define HAVE_DRAND48 1
| #define HAVE_FDATASYNC 1
| #define HAVE_LIBZ 1
| #define HAVE_LIBBZ2 1
| #define HAVE_LZMA_H 1
| #define HAVE_LIBLZMA 1
| #define HAVE_LIBCURL 1
| #define ENABLE_GCS 1
| /* end confdefs.h.  */
| 
| /* Override any GCC internal prototype to avoid an error.
|    Use char because int might match the return type of a GCC
|    builtin and then its argument prototype would still apply.  */
| #ifdef __cplusplus
| extern "C"
| #endif
| char HMAC ();
| int
| main ()
| {
| return HMAC ();
|   ;
|   return 0;
| }
configure:5015: gcc -o conftest  -Wall -g -O2   conftest.c -lcrypto  -llzma -lbz2 -lz -lm  >&5
configure:5015: $? = 0
configure:5032: result: -lcrypto
configure:5074: checking whether PTHREAD_MUTEX_RECURSIVE is declared
configure:5074: gcc -c  -Wall -g -O2  conftest.c >&5
configure:5074: $? = 0
configure:5074: result: yes
configure:5219: creating ./config.status

## ---------------------- ##
## Running config.status. ##
## ---------------------- ##

This file was extended by HTSlib config.status 1.9, which was
generated by GNU Autoconf 2.69.  Invocation command line was

  CONFIG_FILES    = 
  CONFIG_HEADERS  = 
  CONFIG_LINKS    = 
  CONFIG_COMMANDS = 
  $ ./config.status 

on leo.dfci.harvard.edu

config.status:831: creating config.mk
config.status:831: creating htslib.pc.tmp
config.status:831: creating config.h

## ---------------- ##
## Cache variables. ##
## ---------------- ##

ac_cv_c_compiler_gnu=yes
ac_cv_env_CC_set=
ac_cv_env_CC_value=
ac_cv_env_CFLAGS_set=
ac_cv_env_CFLAGS_value=
ac_cv_env_CPPFLAGS_set=
ac_cv_env_CPPFLAGS_value=
ac_cv_env_CPP_set=
ac_cv_env_CPP_value=
ac_cv_env_LDFLAGS_set=
ac_cv_env_LDFLAGS_value=
ac_cv_env_LIBS_set=
ac_cv_env_LIBS_value=
ac_cv_env_build_alias_set=
ac_cv_env_build_alias_value=
ac_cv_env_host_alias_set=
ac_cv_env_host_alias_value=
ac_cv_env_target_alias_set=
ac_cv_env_target_alias_value=
ac_cv_func_CCHmac=no
ac_cv_func_drand48=yes
ac_cv_func_fdatasync=yes
ac_cv_func_fsync=yes
ac_cv_func_getpagesize=yes
ac_cv_func_gmtime_r=yes
ac_cv_func_mmap_fixed_mapped=yes
ac_cv_have_decl_PTHREAD_MUTEX_RECURSIVE=yes
ac_cv_have_decl_fdatasync_int_=yes
ac_cv_header_bzlib_h=yes
ac_cv_header_inttypes_h=yes
ac_cv_header_libdeflate_h=no
ac_cv_header_lzma_h=yes
ac_cv_header_memory_h=yes
ac_cv_header_stdc=yes
ac_cv_header_stdint_h=yes
ac_cv_header_stdlib_h=yes
ac_cv_header_string_h=yes
ac_cv_header_strings_h=yes
ac_cv_header_sys_param_h=yes
ac_cv_header_sys_stat_h=yes
ac_cv_header_sys_types_h=yes
ac_cv_header_unistd_h=yes
ac_cv_header_zlib_h=yes
ac_cv_lib_bz2_BZ2_bzBuffToBuffCompress=yes
ac_cv_lib_curl_curl_easy_pause=yes
ac_cv_lib_deflate_libdeflate_deflate_compress=no
ac_cv_lib_lzma_lzma_easy_buffer_encode=yes
ac_cv_lib_z_inflate=yes
ac_cv_objext=o
ac_cv_path_EGREP='/usr/bin/grep -E'
ac_cv_path_GREP=/usr/bin/grep
ac_cv_prog_CPP='gcc -E'
ac_cv_prog_ac_ct_CC=gcc
ac_cv_prog_ac_ct_RANLIB=ranlib
ac_cv_prog_cc_c89=
ac_cv_prog_cc_g=yes
ac_cv_search_HMAC=-lcrypto
ac_cv_search_log=-lm
ac_cv_search_recv='none required'
ac_cv_sys_file_offset_bits=no
ac_cv_sys_largefile_CC=no
ac_cv_sys_largefile_source=no
hts_cv_prog_cc_warnings=-Wall

## ----------------- ##
## Output variables. ##
## ----------------- ##

CC='gcc'
CFLAGS=' -Wall -g -O2'
CPP='gcc -E'
CPPFLAGS=''
CRYPTO_LIBS='-lcrypto'
DEFS='-DHAVE_CONFIG_H'
ECHO_C=''
ECHO_N='-n'
ECHO_T=''
EGREP='/usr/bin/grep -E'
EXEEXT=''
GREP='/usr/bin/grep'
LDFLAGS=''
LIBOBJS=''
LIBS='-llzma -lbz2 -lz -lm '
LTLIBOBJS=''
OBJEXT='o'
PACKAGE_BUGREPORT='samtools-help@lists.sourceforge.net'
PACKAGE_NAME='HTSlib'
PACKAGE_STRING='HTSlib 1.9'
PACKAGE_TARNAME='htslib'
PACKAGE_URL='http://www.htslib.org/'
PACKAGE_VERSION='1.9'
PATH_SEPARATOR=':'
PLATFORM='default'
PLUGIN_EXT='.so'
RANLIB='ranlib'
SHELL='/bin/sh'
ac_ct_CC='gcc'
bindir='${exec_prefix}/bin'
build_alias=''
datadir='${datarootdir}'
datarootdir='${prefix}/share'
docdir='${datarootdir}/doc/${PACKAGE_TARNAME}'
dvidir='${docdir}'
enable_plugins='no'
exec_prefix='${prefix}'
gcs='enabled'
host_alias='unknown-Linux'
htmldir='${docdir}'
includedir='${prefix}/include'
infodir='${datarootdir}/info'
libcurl='enabled'
libdir='${exec_prefix}/lib'
libexecdir='${exec_prefix}/libexec'
localedir='${datarootdir}/locale'
localstatedir='${prefix}/var'
mandir='${datarootdir}/man'
oldincludedir='/usr/include'
pc_requires=' liblzma'
pdfdir='${docdir}'
plugindir='$(libexecdir)/htslib'
pluginpath='$(libexecdir)/htslib'
prefix='/czlab/ricardo/dir_linker/dir_Genome_Biology_code_submission/packages/htslib'
private_LIBS=' -lbz2'
program_transform_name='s,x,x,'
psdir='${docdir}'
s3='enabled'
sbindir='${exec_prefix}/sbin'
sharedstatedir='${prefix}/com'
static_LDFLAGS=''
static_LIBS='-lpthread -lz -lm -lbz2 -llzma -lcurl -lcrypto'
sysconfdir='${prefix}/etc'
target_alias=''

## ----------- ##
## confdefs.h. ##
## ----------- ##

/* confdefs.h */
#define PACKAGE_NAME "HTSlib"
#define PACKAGE_TARNAME "htslib"
#define PACKAGE_VERSION "1.9"
#define PACKAGE_STRING "HTSlib 1.9"
#define PACKAGE_BUGREPORT "samtools-help@lists.sourceforge.net"
#define PACKAGE_URL "http://www.htslib.org/"
#define HAVE_FSEEKO 1
#define STDC_HEADERS 1
#define HAVE_SYS_TYPES_H 1
#define HAVE_SYS_STAT_H 1
#define HAVE_STDLIB_H 1
#define HAVE_STRING_H 1
#define HAVE_MEMORY_H 1
#define HAVE_STRINGS_H 1
#define HAVE_INTTYPES_H 1
#define HAVE_STDINT_H 1
#define HAVE_UNISTD_H 1
#define HAVE_STDLIB_H 1
#define HAVE_UNISTD_H 1
#define HAVE_SYS_PARAM_H 1
#define HAVE_GETPAGESIZE 1
#define HAVE_MMAP 1
#define HAVE_GMTIME_R 1
#define HAVE_FSYNC 1
#define HAVE_DRAND48 1
#define HAVE_FDATASYNC 1
#define HAVE_LIBZ 1
#define HAVE_LIBBZ2 1
#define HAVE_LZMA_H 1
#define HAVE_LIBLZMA 1
#define HAVE_LIBCURL 1
#define ENABLE_GCS 1
#define HAVE_HMAC 1
#define ENABLE_S3 1

configure: exit 0
